Arguments: 
  /home/mikelrisyad/.nvm/versions/node/v14.15.5/bin/node /home/mikelrisyad/.nvm/versions/node/v14.15.5/bin/yarn init

PATH: 
  /home/mikelrisyad/.vscode-server/bin/ccbaa2d27e38e5afa3e5c21c1c7bef4657064247/bin:/home/mikelrisyad/.local/bin:/home/mikelrisyad/.nvm/versions/node/v14.15.5/bin:/usr/local/sbin:/usr/local/bin:/usr/sbin:/usr/bin:/sbin:/bin:/usr/games:/usr/local/games:/mnt/c/Program Files/Common Files/Oracle/Java/javapath:/mnt/c/Program Files (x86)/Common Files/Intel/Shared Libraries/redist/intel64/compiler:/mnt/c/WINDOWS/system32:/mnt/c/WINDOWS:/mnt/c/WINDOWS/System32/Wbem:/mnt/c/WINDOWS/System32/WindowsPowerShell/v1.0/:/mnt/c/WINDOWS/System32/OpenSSH/:/mnt/c/Program Files/Intel/WiFi/bin/:/mnt/c/Program Files/Common Files/Intel/WirelessCommon/:/mnt/c/Program Files/nodejs/:/mnt/c/ProgramData/chocolatey/bin:/mnt/c/tools/lxrunoffline:/mnt/c/Gradle/gradle-7.2/bin:/mnt/c/Program Files/Git/cmd:/mnt/c/Program Files/Docker/Docker/resources/bin:/mnt/c/ProgramData/DockerDesktop/version-bin:/mnt/c/Program Files/Microsoft VS Code/bin:/mnt/c/Users/asus/AppData/Local/Microsoft/WindowsApps:/mnt/c/Users/asus/AppData/Local/Programs/Microsoft VS Code/bin:/mnt/c/Users/asus/AppData/Roaming/npm:/mnt/c/Program Files (x86)/GitHub CLI/:/mnt/c/Users/asus/AppData/Local/GitHubDesktop/bin:/mnt/c/Program Files/Java/jdk-17/bin:/mnt/c/Program Files/JetBrains/IntelliJ IDEA 2021.2.2/bin:/mnt/c/Users/asus/AppData/Local/Programs/Hyper/resources/bin:/snap/bin

Yarn version: 
  1.22.17

Node version: 
  14.15.5

Platform: 
  linux x64

Trace: 
  Error: canceled
      at Interface.<anonymous> (/home/mikelrisyad/.nvm/versions/node/v14.15.5/lib/node_modules/yarn/lib/cli.js:137143:13)
      at Interface.emit (events.js:315:20)
      at Interface._ttyWrite (readline.js:875:16)
      at ReadStream.onkeypress (readline.js:213:10)
      at ReadStream.emit (events.js:315:20)
      at emitKeys (internal/readline/utils.js:345:14)
      at emitKeys.next (<anonymous>)
      at ReadStream.onData (readline.js:1144:36)
      at ReadStream.emit (events.js:315:20)
      at addChunk (internal/streams/readable.js:309:12)

npm manifest: 
  No manifest

yarn manifest: 
  No manifest

Lockfile: 
  No lockfile
